{"uuid":"18fcaf9c-8031-4512-a0ac-3ac1668875ae","historyId":"d7b86b8fc9887392caea8632ceee42e6","fullName":"Login page feature for the e-commerce website: Verify Portal page alert","labels":[{"name":"host","value":"DESKTOP-DIMGNTL"},{"name":"thread","value":"16824@DESKTOP-DIMGNTL.TestNG-PoolService-0(16)"},{"name":"feature","value":"Login page feature for the e-commerce website"},{"name":"story","value":"Verify Portal page alert"},{"name":"suite","value":"Login page feature for the e-commerce website"},{"name":"testClass","value":"Verify Portal page alert"},{"name":"framework","value":"cucumber4jvm"},{"name":"language","value":"java"},{"name":"gherkin_uri","value":"file:///D:/Users/ppai2114/eclipse-workspace/CucumberTestNg/src/test/resources/features/LoginPage.feature"},{"name":"package","value":"src.test.resources.features.LoginPage_feature.Login page feature for the e-commerce website"}],"links":[],"name":"Verify Portal page alert","status":"failed","statusDetails":{"known":false,"muted":false,"flaky":false,"message":"expected [true] but found [false]","trace":"java.lang.AssertionError: expected [true] but found [false]\r\n\tat org.testng.Assert.fail(Assert.java:110)\r\n\tat org.testng.Assert.failNotEquals(Assert.java:1413)\r\n\tat org.testng.Assert.assertTrue(Assert.java:56)\r\n\tat org.testng.Assert.assertTrue(Assert.java:66)\r\n\tat stepdefinitions.LoginPageSteps.page_title_should_be(LoginPageSteps.java:45)\r\n\tat ✽.page title should be \"\"(file:///D:/Users/ppai2114/eclipse-workspace/CucumberTestNg/src/test/resources/features/LoginPage.feature:6)\r\n"},"stage":"finished","steps":[{"name":"Given  user is on the login page","status":"passed","statusDetails":{"known":false,"muted":false,"flaky":false},"stage":"finished","steps":[],"attachments":[],"parameters":[],"start":1663465887990,"stop":1663465920944},{"name":"When  user gets the title of the page","status":"passed","statusDetails":{"known":false,"muted":false,"flaky":false},"stage":"finished","steps":[],"attachments":[],"parameters":[],"start":1663465920944,"stop":1663465920956},{"name":"Then  page title should be \"\"","status":"failed","statusDetails":{"known":false,"muted":false,"flaky":false,"message":"expected [true] but found [false]","trace":"java.lang.AssertionError: expected [true] but found [false]\r\n\tat org.testng.Assert.fail(Assert.java:110)\r\n\tat org.testng.Assert.failNotEquals(Assert.java:1413)\r\n\tat org.testng.Assert.assertTrue(Assert.java:56)\r\n\tat org.testng.Assert.assertTrue(Assert.java:66)\r\n\tat stepdefinitions.LoginPageSteps.page_title_should_be(LoginPageSteps.java:45)\r\n\tat ✽.page title should be \"\"(file:///D:/Users/ppai2114/eclipse-workspace/CucumberTestNg/src/test/resources/features/LoginPage.feature:6)\r\n"},"stage":"finished","steps":[],"attachments":[],"parameters":[],"start":1663465920956,"stop":1663465920970}],"attachments":[],"parameters":[],"start":1663465865692,"stop":1663465922425}